<?xml version="1.0" encoding="UTF-8"?>
<!-- Generated by org.testng.reporters.JUnitReportReporter -->
<testsuite hostname="DESKTOP-AG1086U" failures="0" tests="2" name="playerJson.PlayerJsonTest" time="0.021" errors="0" timestamp="2022-07-02T18:37:47 IST" skipped="0">
  <testcase classname="playerJson.PlayerJsonTest" name="validateForeginPlayer" time="0.002"/>
  <system-out/>
  <testcase classname="playerJson.PlayerJsonTest" name="validateAtleastOneWicketKeeper" time="0.019"/>
  <system-out/>
</testsuite> <!-- playerJson.PlayerJsonTest -->
